#
# There is insufficient memory for the Java Runtime Environment to continue.
# Native memory allocation (malloc) failed to allocate 1047056 bytes for Chunk::new
# Possible reasons:
#   The system is out of physical RAM or swap space
#   The process is running with CompressedOops enabled, and the Java Heap may be blocking the growth of the native heap
# Possible solutions:
#   Reduce memory load on the system
#   Increase physical memory or swap space
#   Check if swap backing store is full
#   Decrease Java heap size (-Xmx/-Xms)
#   Decrease number of Java threads
#   Decrease Java thread stack sizes (-Xss)
#   Set larger code cache with -XX:ReservedCodeCacheSize=
#   JVM is running with Zero Based Compressed Oops mode in which the Java heap is
#     placed in the first 32GB address space. The Java Heap base address is the
#     maximum limit for the native heap growth. Please use -XX:HeapBaseMinAddress
#     to set the Java Heap base and to place the Java Heap above 32GB virtual address.
# This output file may be truncated or incomplete.
#
#  Out of Memory Error (arena.cpp:189), pid=35956, tid=12640
#
# JRE version: OpenJDK Runtime Environment Temurin-17.0.4.1+1 (17.0.4.1+1) (build 17.0.4.1+1)
# Java VM: OpenJDK 64-Bit Server VM Temurin-17.0.4.1+1 (17.0.4.1+1, mixed mode, tiered, compressed oops, compressed class ptrs, g1 gc, windows-amd64)
# No core dump will be written. Minidumps are not enabled by default on client versions of Windows
#

---------------  S U M M A R Y ------------

Command Line: -Dfile.encoding=UTF-8 -XX:+ShowCodeDetailsInExceptionMessages CatchMindClientMain

Host: 11th Gen Intel(R) Core(TM) i5-1135G7 @ 2.40GHz, 8 cores, 15G,  Windows 10 , 64 bit Build 19041 (10.0.19041.2251)
Time: Thu Dec  8 04:11:00 2022  Windows 10 , 64 bit Build 19041 (10.0.19041.2251) elapsed time: 3.417850 seconds (0d 0h 0m 3s)

---------------  T H R E A D  ---------------

Current thread (0x0000021f8b09eb80):  JavaThread "C2 CompilerThread0" daemon [_thread_in_native, id=12640, stack(0x000000b184a00000,0x000000b184b00000)]


Current CompileTask:
C2:   3417 1562 % !   4       sun.awt.image.PNGImageDecoder::produceImage @ 960 (1917 bytes)

Stack: [0x000000b184a00000,0x000000b184b00000]
Native frames: (J=compiled Java code, j=interpreted, Vv=VM code, C=native code)
V  [jvm.dll+0x67731a]
V  [jvm.dll+0x832284]
V  [jvm.dll+0x833a2e]
V  [jvm.dll+0x834093]
V  [jvm.dll+0x245775]
V  [jvm.dll+0xabd7b]
V  [jvm.dll+0xac30c]
V  [jvm.dll+0x363a42]
V  [jvm.dll+0x32e011]
V  [jvm.dll+0x32d4ba]
V  [jvm.dll+0x218681]
V  [jvm.dll+0x217aa1]
V  [jvm.dll+0x1a3f8d]
V  [jvm.dll+0x227498]
V  [jvm.dll+0x2255e5]
V  [jvm.dll+0x7e7e9b]
V  [jvm.dll+0x7e240a]
V  [jvm.dll+0x6761a5]
C  [ucrtbase.dll+0x21bb2]
C  [KERNEL32.DLL+0x174b4]
C  [ntdll.dll+0x526a1]


---------------  P R O C E S S  ---------------

Threads class SMR info:
_java_thread_list=0x0000021f8deb3f60, length=20, elements={
0x0000021f8b03c1d0, 0x0000021f8b0411a0, 0x0000021f8b0e5540, 0x0000021f8b097a10,
0x0000021f8b0993d0, 0x0000021f8b099d80, 0x0000021f8b09eb80, 0x0000021f8b09f620,
0x0000021f8b0c58b0, 0x0000021f8b2465c0, 0x0000021f8b2574b0, 0x0000021f8b37e1d0,
0x0000021f8b53a410, 0x0000021f8b540060, 0x0000021f8b5614a0, 0x0000021febaac980,
0x0000021f8b5d6880, 0x0000021f8b86e2f0, 0x0000021f8b86de20, 0x0000021f8b86cfb0
}

Java Threads: ( => current thread )
  0x0000021f8b03c1d0 JavaThread "Reference Handler" daemon [_thread_blocked, id=16236, stack(0x000000b184400000,0x000000b184500000)]
  0x0000021f8b0411a0 JavaThread "Finalizer" daemon [_thread_blocked, id=35832, stack(0x000000b184500000,0x000000b184600000)]
  0x0000021f8b0e5540 JavaThread "Signal Dispatcher" daemon [_thread_blocked, id=35820, stack(0x000000b184600000,0x000000b184700000)]
  0x0000021f8b097a10 JavaThread "Attach Listener" daemon [_thread_blocked, id=34840, stack(0x000000b184700000,0x000000b184800000)]
  0x0000021f8b0993d0 JavaThread "Service Thread" daemon [_thread_blocked, id=36252, stack(0x000000b184800000,0x000000b184900000)]
  0x0000021f8b099d80 JavaThread "Monitor Deflation Thread" daemon [_thread_blocked, id=1044, stack(0x000000b184900000,0x000000b184a00000)]
=>0x0000021f8b09eb80 JavaThread "C2 CompilerThread0" daemon [_thread_in_native, id=12640, stack(0x000000b184a00000,0x000000b184b00000)]
  0x0000021f8b09f620 JavaThread "C1 CompilerThread0" daemon [_thread_in_vm, id=28488, stack(0x000000b184b00000,0x000000b184c00000)]
  0x0000021f8b0c58b0 JavaThread "Sweeper thread" daemon [_thread_blocked, id=35924, stack(0x000000b184c00000,0x000000b184d00000)]
  0x0000021f8b2465c0 JavaThread "Notification Thread" daemon [_thread_blocked, id=36512, stack(0x000000b184d00000,0x000000b184e00000)]
  0x0000021f8b2574b0 JavaThread "Common-Cleaner" daemon [_thread_blocked, id=34616, stack(0x000000b184f00000,0x000000b185000000)]
  0x0000021f8b37e1d0 JavaThread "Java2D Disposer" daemon [_thread_blocked, id=29076, stack(0x000000b185000000,0x000000b185100000)]
  0x0000021f8b53a410 JavaThread "AWT-Shutdown" [_thread_blocked, id=34552, stack(0x000000b185100000,0x000000b185200000)]
  0x0000021f8b540060 JavaThread "AWT-Windows" daemon [_thread_in_native, id=2508, stack(0x000000b185200000,0x000000b185300000)]
  0x0000021f8b5614a0 JavaThread "AWT-EventQueue-0" [_thread_in_native, id=36564, stack(0x000000b185300000,0x000000b185400000)]
  0x0000021febaac980 JavaThread "DestroyJavaVM" [_thread_blocked, id=36320, stack(0x000000b183d00000,0x000000b183e00000)]
  0x0000021f8b5d6880 JavaThread "Image Fetcher 0" daemon [_thread_blocked, id=34776, stack(0x000000b185400000,0x000000b185500000)]
  0x0000021f8b86e2f0 JavaThread "TimerQueue" daemon [_thread_blocked, id=33424, stack(0x000000b185500000,0x000000b185600000)]
  0x0000021f8b86de20 JavaThread "Image Fetcher 1" daemon [_thread_blocked, id=16888, stack(0x000000b185b00000,0x000000b185c00000)]
  0x0000021f8b86cfb0 JavaThread "Thread-0" [_thread_in_Java, id=5636, stack(0x000000b185900000,0x000000b185a00000)]

Other Threads:
  0x0000021f8b057030 VMThread "VM Thread" [stack: 0x000000b184300000,0x000000b184400000] [id=18668]
  0x0000021f8b195e10 WatcherThread [stack: 0x000000b184e00000,0x000000b184f00000] [id=36220]
  0x0000021febb18ae0 GCTaskThread "GC Thread#0" [stack: 0x000000b183e00000,0x000000b183f00000] [id=36532]
  0x0000021f8d4b48c0 GCTaskThread "GC Thread#1" [stack: 0x000000b185c00000,0x000000b185d00000] [id=8512]
  0x0000021f8d4b4b70 GCTaskThread "GC Thread#2" [stack: 0x000000b185d00000,0x000000b185e00000] [id=16880]
  0x0000021f8d4b4e20 GCTaskThread "GC Thread#3" [stack: 0x000000b185e00000,0x000000b185f00000] [id=14056]
  0x0000021f8d776910 GCTaskThread "GC Thread#4" [stack: 0x000000b185f00000,0x000000b186000000] [id=13880]
  0x0000021f8d776bc0 GCTaskThread "GC Thread#5" [stack: 0x000000b186000000,0x000000b186100000] [id=12440]
  0x0000021f8b961300 GCTaskThread "GC Thread#6" [stack: 0x000000b186100000,0x000000b186200000] [id=35644]
  0x0000021f8b962b30 GCTaskThread "GC Thread#7" [stack: 0x000000b185a00000,0x000000b185b00000] [id=31500]
  0x0000021febb29570 ConcurrentGCThread "G1 Main Marker" [stack: 0x000000b183f00000,0x000000b184000000] [id=34256]
  0x0000021febb2af90 ConcurrentGCThread "G1 Conc#0" [stack: 0x000000b184000000,0x000000b184100000] [id=29088]
  0x0000021f8a3b51a0 ConcurrentGCThread "G1 Refine#0" [stack: 0x000000b184100000,0x000000b184200000] [id=2100]
  0x0000021f8a3b5a60 ConcurrentGCThread "G1 Service" [stack: 0x000000b184200000,0x000000b184300000] [id=11696]

Threads with active compile tasks:
C2 CompilerThread0     3435 1562 % !   4       sun.awt.image.PNGImageDecoder::produceImage @ 960 (1917 bytes)

VM state: not at safepoint (normal execution)

VM Mutex/Monitor currently owned by a thread: None

Heap address: 0x0000000704a00000, size: 4022 MB, Compressed Oops mode: Zero based, Oop shift amount: 3

CDS archive(s) not mapped
Compressed class space mapped at: 0x0000000800000000-0x0000000840000000, reserved size: 1073741824
Narrow klass base: 0x0000000800000000, Narrow klass shift: 0, Narrow klass range: 0x40000000

GC Precious Log:
 CPUs: 8 total, 8 available
 Memory: 16082M
 Large Page Support: Disabled
 NUMA Support: Disabled
 Compressed Oops: Enabled (Zero based)
 Heap Region Size: 2M
 Heap Min Capacity: 8M
 Heap Initial Capacity: 252M
 Heap Max Capacity: 4022M
 Pre-touch: Disabled
 Parallel Workers: 8
 Concurrent Workers: 2
 Concurrent Refinement Workers: 8
 Periodic GC: Disabled

Heap:
 garbage-first heap   total 258048K, used 34240K [0x0000000704a00000, 0x0000000800000000)
  region size 2048K, 7 young (14336K), 2 survivors (4096K)
 Metaspace       used 18144K, committed 18368K, reserved 1064960K
  class space    used 1893K, committed 1984K, reserved 1048576K

Heap Regions: E=young(eden), S=young(survivor), O=old, HS=humongous(starts), HC=humongous(continues), CS=collection set, F=free, OA=open archive, CA=closed archive, TAMS=top-at-mark-start (previous, next)
|   0|0x0000000704a00000, 0x0000000704c00000, 0x0000000704c00000|100%|HS|  |TAMS 0x0000000704a00000, 0x0000000704a00000| Complete 
|   1|0x0000000704c00000, 0x0000000704e00000, 0x0000000704e00000|100%|HS|  |TAMS 0x0000000704c00000, 0x0000000704c00000| Complete 
|   2|0x0000000704e00000, 0x0000000705000000, 0x0000000705000000|100%|HC|  |TAMS 0x0000000704e00000, 0x0000000704e00000| Complete 
|   3|0x0000000705000000, 0x0000000705200000, 0x0000000705200000|100%| O|  |TAMS 0x0000000705000000, 0x0000000705000000| Untracked 
|   4|0x0000000705200000, 0x0000000705400000, 0x0000000705400000|100%|HS|  |TAMS 0x0000000705200000, 0x0000000705200000| Complete 
|   5|0x0000000705400000, 0x0000000705600000, 0x0000000705600000|100%|HS|  |TAMS 0x0000000705400000, 0x0000000705400000| Complete 
|   6|0x0000000705600000, 0x0000000705800000, 0x0000000705800000|100%|HS|  |TAMS 0x0000000705600000, 0x0000000705600000| Complete 
|   7|0x0000000705800000, 0x0000000705a00000, 0x0000000705a00000|100%| O|  |TAMS 0x0000000705800000, 0x0000000705800000| Untracked 
|   8|0x0000000705a00000, 0x0000000705c00000, 0x0000000705c00000|100%| O|  |TAMS 0x0000000705a00000, 0x0000000705a00000| Untracked 
|   9|0x0000000705c00000, 0x0000000705d70000, 0x0000000705e00000| 71%| O|  |TAMS 0x0000000705c00000, 0x0000000705c00000| Untracked 
|  10|0x0000000705e00000, 0x0000000706000000, 0x0000000706000000|100%|HS|  |TAMS 0x0000000705e00000, 0x0000000705e00000| Complete 
|  11|0x0000000706000000, 0x0000000706200000, 0x0000000706200000|100%|HC|  |TAMS 0x0000000706000000, 0x0000000706000000| Complete 
|  12|0x0000000706200000, 0x0000000706200000, 0x0000000706400000|  0%| F|  |TAMS 0x0000000706200000, 0x0000000706200000| Untracked 
|  13|0x0000000706400000, 0x0000000706400000, 0x0000000706600000|  0%| F|  |TAMS 0x0000000706400000, 0x0000000706400000| Untracked 
|  14|0x0000000706600000, 0x0000000706600000, 0x0000000706800000|  0%| F|  |TAMS 0x0000000706600000, 0x0000000706600000| Untracked 
|  15|0x0000000706800000, 0x0000000706800000, 0x0000000706a00000|  0%| F|  |TAMS 0x0000000706800000, 0x0000000706800000| Untracked 
|  16|0x0000000706a00000, 0x0000000706a00000, 0x0000000706c00000|  0%| F|  |TAMS 0x0000000706a00000, 0x0000000706a00000| Untracked 
|  17|0x0000000706c00000, 0x0000000706c00000, 0x0000000706e00000|  0%| F|  |TAMS 0x0000000706c00000, 0x0000000706c00000| Untracked 
|  18|0x0000000706e00000, 0x0000000706e00000, 0x0000000707000000|  0%| F|  |TAMS 0x0000000706e00000, 0x0000000706e00000| Untracked 
|  19|0x0000000707000000, 0x0000000707000000, 0x0000000707200000|  0%| F|  |TAMS 0x0000000707000000, 0x0000000707000000| Untracked 
|  20|0x0000000707200000, 0x0000000707200000, 0x0000000707400000|  0%| F|  |TAMS 0x0000000707200000, 0x0000000707200000| Untracked 
|  21|0x0000000707400000, 0x0000000707400000, 0x0000000707600000|  0%| F|  |TAMS 0x0000000707400000, 0x0000000707400000| Untracked 
|  22|0x0000000707600000, 0x0000000707600000, 0x0000000707800000|  0%| F|  |TAMS 0x0000000707600000, 0x0000000707600000| Untracked 
|  23|0x0000000707800000, 0x0000000707800000, 0x0000000707a00000|  0%| F|  |TAMS 0x0000000707800000, 0x0000000707800000| Untracked 
|  24|0x0000000707a00000, 0x0000000707a00000, 0x0000000707c00000|  0%| F|  |TAMS 0x0000000707a00000, 0x0000000707a00000| Untracked 
|  25|0x0000000707c00000, 0x0000000707c00000, 0x0000000707e00000|  0%| F|  |TAMS 0x0000000707c00000, 0x0000000707c00000| Untracked 
|  26|0x0000000707e00000, 0x0000000707e00000, 0x0000000708000000|  0%| F|  |TAMS 0x0000000707e00000, 0x0000000707e00000| Untracked 
|  27|0x0000000708000000, 0x0000000708000000, 0x0000000708200000|  0%| F|  |TAMS 0x0000000708000000, 0x0000000708000000| Untracked 
|  28|0x0000000708200000, 0x0000000708200000, 0x0000000708400000|  0%| F|  |TAMS 0x0000000708200000, 0x0000000708200000| Untracked 
|  29|0x0000000708400000, 0x0000000708400000, 0x0000000708600000|  0%| F|  |TAMS 0x0000000708400000, 0x0000000708400000| Untracked 
|  30|0x0000000708600000, 0x0000000708600000, 0x0000000708800000|  0%| F|  |TAMS 0x0000000708600000, 0x0000000708600000| Untracked 
|  31|0x0000000708800000, 0x0000000708800000, 0x0000000708a00000|  0%| F|  |TAMS 0x0000000708800000, 0x0000000708800000| Untracked 
|  32|0x0000000708a00000, 0x0000000708a00000, 0x0000000708c00000|  0%| F|  |TAMS 0x0000000708a00000, 0x0000000708a00000| Untracked 
|  33|0x0000000708c00000, 0x0000000708c00000, 0x0000000708e00000|  0%| F|  |TAMS 0x0000000708c00000, 0x0000000708c00000| Untracked 
|  34|0x0000000708e00000, 0x0000000708e00000, 0x0000000709000000|  0%| F|  |TAMS 0x0000000708e00000, 0x0000000708e00000| Untracked 
|  35|0x0000000709000000, 0x0000000709000000, 0x0000000709200000|  0%| F|  |TAMS 0x0000000709000000, 0x0000000709000000| Untracked 
|  36|0x0000000709200000, 0x0000000709200000, 0x0000000709400000|  0%| F|  |TAMS 0x0000000709200000, 0x0000000709200000| Untracked 
|  37|0x0000000709400000, 0x0000000709400000, 0x0000000709600000|  0%| F|  |TAMS 0x0000000709400000, 0x0000000709400000| Untracked 
|  38|0x0000000709600000, 0x0000000709600000, 0x0000000709800000|  0%| F|  |TAMS 0x0000000709600000, 0x0000000709600000| Untracked 
|  39|0x0000000709800000, 0x0000000709800000, 0x0000000709a00000|  0%| F|  |TAMS 0x0000000709800000, 0x0000000709800000| Untracked 
|  40|0x0000000709a00000, 0x0000000709a00000, 0x0000000709c00000|  0%| F|  |TAMS 0x0000000709a00000, 0x0000000709a00000| Untracked 
|  41|0x0000000709c00000, 0x0000000709c00000, 0x0000000709e00000|  0%| F|  |TAMS 0x0000000709c00000, 0x0000000709c00000| Untracked 
|  42|0x0000000709e00000, 0x0000000709e00000, 0x000000070a000000|  0%| F|  |TAMS 0x0000000709e00000, 0x0000000709e00000| Untracked 
|  43|0x000000070a000000, 0x000000070a000000, 0x000000070a200000|  0%| F|  |TAMS 0x000000070a000000, 0x000000070a000000| Untracked 
|  44|0x000000070a200000, 0x000000070a200000, 0x000000070a400000|  0%| F|  |TAMS 0x000000070a200000, 0x000000070a200000| Untracked 
|  45|0x000000070a400000, 0x000000070a400000, 0x000000070a600000|  0%| F|  |TAMS 0x000000070a400000, 0x000000070a400000| Untracked 
|  46|0x000000070a600000, 0x000000070a600000, 0x000000070a800000|  0%| F|  |TAMS 0x000000070a600000, 0x000000070a600000| Untracked 
|  47|0x000000070a800000, 0x000000070a800000, 0x000000070aa00000|  0%| F|  |TAMS 0x000000070a800000, 0x000000070a800000| Untracked 
|  48|0x000000070aa00000, 0x000000070aa00000, 0x000000070ac00000|  0%| F|  |TAMS 0x000000070aa00000, 0x000000070aa00000| Untracked 
|  49|0x000000070ac00000, 0x000000070ac00000, 0x000000070ae00000|  0%| F|  |TAMS 0x000000070ac00000, 0x000000070ac00000| Untracked 
|  50|0x000000070ae00000, 0x000000070ae00000, 0x000000070b000000|  0%| F|  |TAMS 0x000000070ae00000, 0x000000070ae00000| Untracked 
|  51|0x000000070b000000, 0x000000070b000000, 0x000000070b200000|  0%| F|  |TAMS 0x000000070b000000, 0x000000070b000000| Untracked 
|  52|0x000000070b200000, 0x000000070b200000, 0x000000070b400000|  0%| F|  |TAMS 0x000000070b200000, 0x000000070b200000| Untracked 
|  53|0x000000070b400000, 0x000000070b400000, 0x000000070b600000|  0%| F|  |TAMS 0x000000070b400000, 0x000000070b400000| Untracked 
|  54|0x000000070b600000, 0x000000070b600000, 0x000000070b800000|  0%| F|  |TAMS 0x000000070b600000, 0x000000070b600000| Untracked 
|  55|0x000000070b800000, 0x000000070b800000, 0x000000070ba00000|  0%| F|  |TAMS 0x000000070b800000, 0x000000070b800000| Untracked 
|  56|0x000000070ba00000, 0x000000070ba00000, 0x000000070bc00000|  0%| F|  |TAMS 0x000000070ba00000, 0x000000070ba00000| Untracked 
|  57|0x000000070bc00000, 0x000000070bc00000, 0x000000070be00000|  0%| F|  |TAMS 0x000000070bc00000, 0x000000070bc00000| Untracked 
|  58|0x000000070be00000, 0x000000070be00000, 0x000000070c000000|  0%| F|  |TAMS 0x000000070be00000, 0x000000070be00000| Untracked 
|  59|0x000000070c000000, 0x000000070c000000, 0x000000070c200000|  0%| F|  |TAMS 0x000000070c000000, 0x000000070c000000| Untracked 
|  60|0x000000070c200000, 0x000000070c200000, 0x000000070c400000|  0%| F|  |TAMS 0x000000070c200000, 0x000000070c200000| Untracked 
|  61|0x000000070c400000, 0x000000070c400000, 0x000000070c600000|  0%| F|  |TAMS 0x000000070c400000, 0x000000070c400000| Untracked 
|  62|0x000000070c600000, 0x000000070c600000, 0x000000070c800000|  0%| F|  |TAMS 0x000000070c600000, 0x000000070c600000| Untracked 
|  63|0x000000070c800000, 0x000000070c800000, 0x000000070ca00000|  0%| F|  |TAMS 0x000000070c800000, 0x000000070c800000| Untracked 
|  64|0x000000070ca00000, 0x000000070ca00000, 0x000000070cc00000|  0%| F|  |TAMS 0x000000070ca00000, 0x000000070ca00000| Untracked 
|  65|0x000000070cc00000, 0x000000070cc00000, 0x000000070ce00000|  0%| F|  |TAMS 0x000000070cc00000, 0x000000070cc00000| Untracked 
|  66|0x000000070ce00000, 0x000000070ce00000, 0x000000070d000000|  0%| F|  |TAMS 0x000000070ce00000, 0x000000070ce00000| Untracked 
|  67|0x000000070d000000, 0x000000070d000000, 0x000000070d200000|  0%| F|  |TAMS 0x000000070d000000, 0x000000070d000000| Untracked 
|  68|0x000000070d200000, 0x000000070d200000, 0x000000070d400000|  0%| F|  |TAMS 0x000000070d200000, 0x000000070d200000| Untracked 
|  69|0x000000070d400000, 0x000000070d400000, 0x000000070d600000|  0%| F|  |TAMS 0x000000070d400000, 0x000000070d400000| Untracked 
|  70|0x000000070d600000, 0x000000070d600000, 0x000000070d800000|  0%| F|  |TAMS 0x000000070d600000, 0x000000070d600000| Untracked 
|  71|0x000000070d800000, 0x000000070d800000, 0x000000070da00000|  0%| F|  |TAMS 0x000000070d800000, 0x000000070d800000| Untracked 
|  72|0x000000070da00000, 0x000000070da00000, 0x000000070dc00000|  0%| F|  |TAMS 0x000000070da00000, 0x000000070da00000| Untracked 
|  73|0x000000070dc00000, 0x000000070dc00000, 0x000000070de00000|  0%| F|  |TAMS 0x000000070dc00000, 0x000000070dc00000| Untracked 
|  74|0x000000070de00000, 0x000000070de00000, 0x000000070e000000|  0%| F|  |TAMS 0x000000070de00000, 0x000000070de00000| Untracked 
|  75|0x000000070e000000, 0x000000070e000000, 0x000000070e200000|  0%| F|  |TAMS 0x000000070e000000, 0x000000070e000000| Untracked 
|  76|0x000000070e200000, 0x000000070e200000, 0x000000070e400000|  0%| F|  |TAMS 0x000000070e200000, 0x000000070e200000| Untracked 
|  77|0x000000070e400000, 0x000000070e400000, 0x000000070e600000|  0%| F|  |TAMS 0x000000070e400000, 0x000000070e400000| Untracked 
|  78|0x000000070e600000, 0x000000070e600000, 0x000000070e800000|  0%| F|  |TAMS 0x000000070e600000, 0x000000070e600000| Untracked 
|  79|0x000000070e800000, 0x000000070e800000, 0x000000070ea00000|  0%| F|  |TAMS 0x000000070e800000, 0x000000070e800000| Untracked 
|  80|0x000000070ea00000, 0x000000070ea00000, 0x000000070ec00000|  0%| F|  |TAMS 0x000000070ea00000, 0x000000070ea00000| Untracked 
|  81|0x000000070ec00000, 0x000000070ec00000, 0x000000070ee00000|  0%| F|  |TAMS 0x000000070ec00000, 0x000000070ec00000| Untracked 
|  82|0x000000070ee00000, 0x000000070ee00000, 0x000000070f000000|  0%| F|  |TAMS 0x000000070ee00000, 0x000000070ee00000| Untracked 
|  83|0x000000070f000000, 0x000000070f000000, 0x000000070f200000|  0%| F|  |TAMS 0x000000070f000000, 0x000000070f000000| Untracked 
|  84|0x000000070f200000, 0x000000070f200000, 0x000000070f400000|  0%| F|  |TAMS 0x000000070f200000, 0x000000070f200000| Untracked 
|  85|0x000000070f400000, 0x000000070f400000, 0x000000070f600000|  0%| F|  |TAMS 0x000000070f400000, 0x000000070f400000| Untracked 
|  86|0x000000070f600000, 0x000000070f600000, 0x000000070f800000|  0%| F|  |TAMS 0x000000070f600000, 0x000000070f600000| Untracked 
|  87|0x000000070f800000, 0x000000070f800000, 0x000000070fa00000|  0%| F|  |TAMS 0x000000070f800000, 0x000000070f800000| Untracked 
|  88|0x000000070fa00000, 0x000000070fa00000, 0x000000070fc00000|  0%| F|  |TAMS 0x000000070fa00000, 0x000000070fa00000| Untracked 
|  89|0x000000070fc00000, 0x000000070fc00000, 0x000000070fe00000|  0%| F|  |TAMS 0x000000070fc00000, 0x000000070fc00000| Untracked 
|  90|0x000000070fe00000, 0x000000070fe00000, 0x0000000710000000|  0%| F|  |TAMS 0x000000070fe00000, 0x000000070fe00000| Untracked 
|  91|0x0000000710000000, 0x0000000710000000, 0x0000000710200000|  0%| F|  |TAMS 0x0000000710000000, 0x0000000710000000| Untracked 
|  92|0x0000000710200000, 0x0000000710200000, 0x0000000710400000|  0%| F|  |TAMS 0x0000000710200000, 0x0000000710200000| Untracked 
|  93|0x0000000710400000, 0x0000000710400000, 0x0000000710600000|  0%| F|  |TAMS 0x0000000710400000, 0x0000000710400000| Untracked 
|  94|0x0000000710600000, 0x0000000710600000, 0x0000000710800000|  0%| F|  |TAMS 0x0000000710600000, 0x0000000710600000| Untracked 
|  95|0x0000000710800000, 0x0000000710800000, 0x0000000710a00000|  0%| F|  |TAMS 0x0000000710800000, 0x0000000710800000| Untracked 
|  96|0x0000000710a00000, 0x0000000710a00000, 0x0000000710c00000|  0%| F|  |TAMS 0x0000000710a00000, 0x0000000710a00000| Untracked 
|  97|0x0000000710c00000, 0x0000000710c00000, 0x0000000710e00000|  0%| F|  |TAMS 0x0000000710c00000, 0x0000000710c00000| Untracked 
|  98|0x0000000710e00000, 0x0000000710e00000, 0x0000000711000000|  0%| F|  |TAMS 0x0000000710e00000, 0x0000000710e00000| Untracked 
|  99|0x0000000711000000, 0x0000000711000000, 0x0000000711200000|  0%| F|  |TAMS 0x0000000711000000, 0x0000000711000000| Untracked 
| 100|0x0000000711200000, 0x0000000711200000, 0x0000000711400000|  0%| F|  |TAMS 0x0000000711200000, 0x0000000711200000| Untracked 
| 101|0x0000000711400000, 0x0000000711400000, 0x0000000711600000|  0%| F|  |TAMS 0x0000000711400000, 0x0000000711400000| Untracked 
| 102|0x0000000711600000, 0x0000000711600000, 0x0000000711800000|  0%| F|  |TAMS 0x0000000711600000, 0x0000000711600000| Untracked 
| 103|0x0000000711800000, 0x0000000711800000, 0x0000000711a00000|  0%| F|  |TAMS 0x0000000711800000, 0x0000000711800000| Untracked 
| 104|0x0000000711a00000, 0x0000000711a00000, 0x0000000711c00000|  0%| F|  |TAMS 0x0000000711a00000, 0x0000000711a00000| Untracked 
| 105|0x0000000711c00000, 0x0000000711c00000, 0x0000000711e00000|  0%| F|  |TAMS 0x0000000711c00000, 0x0000000711c00000| Untracked 
| 106|0x0000000711e00000, 0x0000000711e00000, 0x0000000712000000|  0%| F|  |TAMS 0x0000000711e00000, 0x0000000711e00000| Untracked 
| 107|0x0000000712000000, 0x0000000712000000, 0x0000000712200000|  0%| F|  |TAMS 0x0000000712000000, 0x0000000712000000| Untracked 
| 108|0x0000000712200000, 0x0000000712200000, 0x0000000712400000|  0%| F|  |TAMS 0x0000000712200000, 0x0000000712200000| Untracked 
| 109|0x0000000712400000, 0x0000000712400000, 0x0000000712600000|  0%| F|  |TAMS 0x0000000712400000, 0x0000000712400000| Untracked 
| 110|0x0000000712600000, 0x0000000712800000, 0x0000000712800000|100%| S|CS|TAMS 0x0000000712600000, 0x0000000712600000| Complete 
| 111|0x0000000712800000, 0x0000000712a00000, 0x0000000712a00000|100%| S|CS|TAMS 0x0000000712800000, 0x0000000712800000| Complete 
| 112|0x0000000712a00000, 0x0000000712a00000, 0x0000000712c00000|  0%| F|  |TAMS 0x0000000712a00000, 0x0000000712a00000| Untracked 
| 113|0x0000000712c00000, 0x0000000712c00000, 0x0000000712e00000|  0%| F|  |TAMS 0x0000000712c00000, 0x0000000712c00000| Untracked 
| 114|0x0000000712e00000, 0x0000000712e00000, 0x0000000713000000|  0%| F|  |TAMS 0x0000000712e00000, 0x0000000712e00000| Untracked 
| 115|0x0000000713000000, 0x0000000713000000, 0x0000000713200000|  0%| F|  |TAMS 0x0000000713000000, 0x0000000713000000| Untracked 
| 116|0x0000000713200000, 0x0000000713200000, 0x0000000713400000|  0%| F|  |TAMS 0x0000000713200000, 0x0000000713200000| Untracked 
| 117|0x0000000713400000, 0x0000000713400000, 0x0000000713600000|  0%| F|  |TAMS 0x0000000713400000, 0x0000000713400000| Untracked 
| 118|0x0000000713600000, 0x0000000713600000, 0x0000000713800000|  0%| F|  |TAMS 0x0000000713600000, 0x0000000713600000| Untracked 
| 119|0x0000000713800000, 0x0000000713800000, 0x0000000713a00000|  0%| F|  |TAMS 0x0000000713800000, 0x0000000713800000| Untracked 
| 120|0x0000000713a00000, 0x0000000713a00000, 0x0000000713c00000|  0%| F|  |TAMS 0x0000000713a00000, 0x0000000713a00000| Untracked 
| 121|0x0000000713c00000, 0x0000000713ce9cb0, 0x0000000713e00000| 45%| E|  |TAMS 0x0000000713c00000, 0x0000000713c00000| Complete 
| 122|0x0000000713e00000, 0x0000000713fea4b0, 0x0000000714000000| 95%| E|  |TAMS 0x0000000713e00000, 0x0000000713e00000| Complete 
| 123|0x0000000714000000, 0x0000000714200000, 0x0000000714200000|100%| E|CS|TAMS 0x0000000714000000, 0x0000000714000000| Complete 
| 124|0x0000000714200000, 0x0000000714400000, 0x0000000714400000|100%| E|CS|TAMS 0x0000000714200000, 0x0000000714200000| Complete 
| 125|0x0000000714400000, 0x0000000714600000, 0x0000000714600000|100%| E|CS|TAMS 0x0000000714400000, 0x0000000714400000| Complete 

Card table byte_map: [0x0000021ffec90000,0x0000021fff470000] _byte_map_base: 0x0000021ffb46b000

Marking Bits (Prev, Next): (CMBitMap*) 0x0000021febb190f0, (CMBitMap*) 0x0000021febb19130
 Prev Bits: [0x0000021f80000000, 0x0000021f83ed8000)
 Next Bits: [0x0000021f83ee0000, 0x0000021f87db8000)

Polling page: 0x0000021fe9ab0000

Metaspace:

Usage:
  Non-class:     15.89 MB used.
      Class:      1.85 MB used.
       Both:     17.74 MB used.

Virtual space:
  Non-class space:       16.00 MB reserved,      16.00 MB (100%) committed,  2 nodes.
      Class space:        1.00 GB reserved,       1.94 MB ( <1%) committed,  1 nodes.
             Both:        1.02 GB reserved,      17.94 MB (  2%) committed. 

Chunk freelists:
   Non-Class:  47.00 KB
       Class:  1.98 MB
        Both:  2.03 MB

MaxMetaspaceSize: unlimited
CompressedClassSpaceSize: 1.00 GB
Initial GC threshold: 21.00 MB
Current GC threshold: 21.00 MB
CDS: off
MetaspaceReclaimPolicy: balanced
 - commit_granule_bytes: 65536.
 - commit_granule_words: 8192.
 - virtual_space_node_default_size: 1048576.
 - enlarge_chunks_in_place: 1.
 - new_chunks_are_fully_committed: 0.
 - uncommit_free_chunks: 1.
 - use_allocation_guard: 0.
 - handle_deallocations: 1.


Internal statistics:

num_allocs_failed_limit: 0.
num_arena_births: 132.
num_arena_deaths: 0.
num_vsnodes_births: 3.
num_vsnodes_deaths: 0.
num_space_committed: 287.
num_space_uncommitted: 0.
num_chunks_returned_to_freelist: 0.
num_chunks_taken_from_freelist: 237.
num_chunk_merges: 0.
num_chunk_splits: 112.
num_chunks_enlarged: 29.
num_purges: 0.
num_inconsistent_stats: 0.

CodeHeap 'non-profiled nmethods': size=120000Kb used=643Kb max_used=643Kb free=119356Kb
 bounds [0x0000021ff6c50000, 0x0000021ff6ec0000, 0x0000021ffe180000]
CodeHeap 'profiled nmethods': size=120000Kb used=2893Kb max_used=2893Kb free=117106Kb
 bounds [0x0000021fef720000, 0x0000021fefa00000, 0x0000021ff6c50000]
CodeHeap 'non-nmethods': size=5760Kb used=1300Kb max_used=1320Kb free=4459Kb
 bounds [0x0000021fef180000, 0x0000021fef3f0000, 0x0000021fef720000]
 total_blobs=2249 nmethods=1630 adapters=531
 compilation: enabled
              stopped_count=0, restarted_count=0
 full_count=0

Compilation events (20 events):
Event: 3.369 Thread 0x0000021f8b09f620 1584       1       java.awt.image.DataBuffer::getOffset (5 bytes)
Event: 3.369 Thread 0x0000021f8b09f620 nmethod 1584 0x0000021ff6cee990 code [0x0000021ff6ceeb20, 0x0000021ff6ceebf8]
Event: 3.369 Thread 0x0000021f8b09f620 1585       1       java.lang.ThreadGroup::getMaxPriority (5 bytes)
Event: 3.369 Thread 0x0000021f8b09f620 nmethod 1585 0x0000021ff6ceec90 code [0x0000021ff6ceee20, 0x0000021ff6ceeef8]
Event: 3.380 Thread 0x0000021f8b09f620 1586       1       java.awt.MediaEntry::getID (5 bytes)
Event: 3.380 Thread 0x0000021f8b09f620 nmethod 1586 0x0000021ff6ceef90 code [0x0000021ff6cef120, 0x0000021ff6cef1f8]
Event: 3.385 Thread 0x0000021f8b09f620 1587       3       sun.awt.image.ImageWatched$Link::removeWatcher (2 bytes)
Event: 3.385 Thread 0x0000021f8b09f620 nmethod 1587 0x0000021fef9df690 code [0x0000021fef9df820, 0x0000021fef9df938]
Event: 3.385 Thread 0x0000021f8b09f620 1588       1       java.awt.image.SampleModel::getNumBands (5 bytes)
Event: 3.385 Thread 0x0000021f8b09f620 nmethod 1588 0x0000021ff6cef290 code [0x0000021ff6cef420, 0x0000021ff6cef4f8]
Event: 3.398 Thread 0x0000021f8b09f620 1590   !   3       java.awt.EventQueue::getNextEvent (84 bytes)
Event: 3.398 Thread 0x0000021f8b09f620 nmethod 1590 0x0000021fef9dfa10 code [0x0000021fef9dfc60, 0x0000021fef9e0548]
Event: 3.398 Thread 0x0000021f8b09f620 1591   !   3       java.awt.EventDispatchThread::filterAndCheckEvent (108 bytes)
Event: 3.399 Thread 0x0000021f8b09f620 nmethod 1591 0x0000021fef9e0910 code [0x0000021fef9e0b60, 0x0000021fef9e1898]
Event: 3.399 Thread 0x0000021f8b09f620 1589   !   3       java.awt.EventDispatchThread::pumpOneEventForFilters (113 bytes)
Event: 3.400 Thread 0x0000021f8b09f620 nmethod 1589 0x0000021fef9e1d90 code [0x0000021fef9e2020, 0x0000021fef9e2a48]
Event: 3.400 Thread 0x0000021f8b09f620 1592       3       jdk.internal.misc.Unsafe::putReferenceOpaque (9 bytes)
Event: 3.400 Thread 0x0000021f8b09f620 nmethod 1592 0x0000021fef9e3110 code [0x0000021fef9e32a0, 0x0000021fef9e3418]
Event: 3.400 Thread 0x0000021f8b09f620 1593       1       java.awt.image.BufferedImage::getType (5 bytes)
Event: 3.400 Thread 0x0000021f8b09f620 nmethod 1593 0x0000021ff6cef590 code [0x0000021ff6cef720, 0x0000021ff6cef7f8]

GC Heap History (4 events):
Event: 0.736 GC heap before
{Heap before GC invocations=0 (full 0):
 garbage-first heap   total 258048K, used 28672K [0x0000000704a00000, 0x0000000800000000)
  region size 2048K, 11 young (22528K), 0 survivors (0K)
 Metaspace       used 13978K, committed 14144K, reserved 1064960K
  class space    used 1420K, committed 1536K, reserved 1048576K
}
Event: 0.741 GC heap after
{Heap after GC invocations=1 (full 0):
 garbage-first heap   total 258048K, used 11187K [0x0000000704a00000, 0x0000000800000000)
  region size 2048K, 2 young (4096K), 2 survivors (4096K)
 Metaspace       used 13978K, committed 14144K, reserved 1064960K
  class space    used 1420K, committed 1536K, reserved 1048576K
}
Event: 3.308 GC heap before
{Heap before GC invocations=1 (full 0):
 garbage-first heap   total 258048K, used 39859K [0x0000000704a00000, 0x0000000800000000)
  region size 2048K, 14 young (28672K), 2 survivors (4096K)
 Metaspace       used 18068K, committed 18240K, reserved 1064960K
  class space    used 1890K, committed 1984K, reserved 1048576K
}
Event: 3.315 GC heap after
{Heap after GC invocations=2 (full 0):
 garbage-first heap   total 258048K, used 24000K [0x0000000704a00000, 0x0000000800000000)
  region size 2048K, 2 young (4096K), 2 survivors (4096K)
 Metaspace       used 18068K, committed 18240K, reserved 1064960K
  class space    used 1890K, committed 1984K, reserved 1048576K
}

Deoptimization events (20 events):
Event: 3.232 Thread 0x0000021f8b86de20 Uncommon trap: trap_request=0xffffffc6 fr.pc=0x0000021ff6cd15ec relative=0x000000000000088c
Event: 3.232 Thread 0x0000021f8b86de20 Uncommon trap: reason=bimorphic_or_optimized_type_check action=maybe_recompile pc=0x0000021ff6cd15ec method=sun.awt.image.ImageDecoder.setPixels(IIIILjava/awt/image/ColorModel;[III)I @ 44 c2
Event: 3.232 Thread 0x0000021f8b86de20 DEOPT PACKING pc=0x0000021ff6cd15ec sp=0x000000b185bfefe0
Event: 3.232 Thread 0x0000021f8b86de20 DEOPT UNPACKING pc=0x0000021fef1d5c23 sp=0x000000b185bfef58 mode 2
Event: 3.232 Thread 0x0000021f8b86de20 Uncommon trap: trap_request=0xffffffc6 fr.pc=0x0000021ff6cd15ec relative=0x000000000000088c
Event: 3.232 Thread 0x0000021f8b86de20 Uncommon trap: reason=bimorphic_or_optimized_type_check action=maybe_recompile pc=0x0000021ff6cd15ec method=sun.awt.image.ImageDecoder.setPixels(IIIILjava/awt/image/ColorModel;[III)I @ 44 c2
Event: 3.232 Thread 0x0000021f8b86de20 DEOPT PACKING pc=0x0000021ff6cd15ec sp=0x000000b185bfefe0
Event: 3.232 Thread 0x0000021f8b86de20 DEOPT UNPACKING pc=0x0000021fef1d5c23 sp=0x000000b185bfef58 mode 2
Event: 3.280 Thread 0x0000021f8b5d6880 Uncommon trap: trap_request=0xffffffe4 fr.pc=0x0000021ff6cd5d58 relative=0x0000000000001618
Event: 3.280 Thread 0x0000021f8b5d6880 Uncommon trap: reason=range_check action=make_not_entrant pc=0x0000021ff6cd5d58 method=java.awt.image.DirectColorModel.setFields()V @ 6 c2
Event: 3.280 Thread 0x0000021f8b5d6880 DEOPT PACKING pc=0x0000021ff6cd5d58 sp=0x000000b1854fee20
Event: 3.280 Thread 0x0000021f8b5d6880 DEOPT UNPACKING pc=0x0000021fef1d5c23 sp=0x000000b1854fec58 mode 2
Event: 3.281 Thread 0x0000021f8b5d6880 Uncommon trap: trap_request=0xffffff45 fr.pc=0x0000021ff6c88120 relative=0x0000000000002540
Event: 3.281 Thread 0x0000021f8b5d6880 Uncommon trap: reason=unstable_if action=reinterpret pc=0x0000021ff6c88120 method=sun.awt.image.PNGImageDecoder.produceImage()V @ 254 c2
Event: 3.281 Thread 0x0000021f8b5d6880 DEOPT PACKING pc=0x0000021ff6c88120 sp=0x000000b1854fefe0
Event: 3.281 Thread 0x0000021f8b5d6880 DEOPT UNPACKING pc=0x0000021fef1d5c23 sp=0x000000b1854fef28 mode 2
Event: 3.282 Thread 0x0000021f8b5d6880 Uncommon trap: trap_request=0xffffff45 fr.pc=0x0000021ff6c74f94 relative=0x00000000000016f4
Event: 3.282 Thread 0x0000021f8b5d6880 Uncommon trap: reason=unstable_if action=reinterpret pc=0x0000021ff6c74f94 method=sun.awt.image.PNGImageDecoder.produceImage()V @ 975 c2
Event: 3.282 Thread 0x0000021f8b5d6880 DEOPT PACKING pc=0x0000021ff6c74f94 sp=0x000000b1854fefd0
Event: 3.282 Thread 0x0000021f8b5d6880 DEOPT UNPACKING pc=0x0000021fef1d5c23 sp=0x000000b1854fef28 mode 2

Classes unloaded (0 events):
No events

Classes redefined (0 events):
No events

Internal exceptions (20 events):
Event: 0.155 Thread 0x0000021febaac980 Exception <a 'java/io/FileNotFoundException'{0x0000000714232858}> (0x0000000714232858) 
thrown [s\src\hotspot\share\prims\jni.cpp, line 516]
Event: 0.160 Thread 0x0000021febaac980 Exception <a 'java/io/FileNotFoundException'{0x000000071425fa00}> (0x000000071425fa00) 
thrown [s\src\hotspot\share\prims\jni.cpp, line 516]
Event: 0.186 Thread 0x0000021febaac980 Exception <a 'java/lang/NoSuchMethodError'{0x00000007142967e8}: 'java.lang.Object java.lang.invoke.DirectMethodHandle$Holder.invokeStaticInit(java.lang.Object)'> (0x00000007142967e8) 
thrown [s\src\hotspot\share\interpreter\linkResolver.cpp, line 759]
Event: 0.230 Thread 0x0000021f8b5614a0 Exception <a 'java/lang/NoSuchMethodError'{0x00000007143a6660}: 'void java.lang.invoke.DirectMethodHandle$Holder.invokeSpecial(java.lang.Object, java.lang.Object, java.lang.Object)'> (0x00000007143a6660) 
thrown [s\src\hotspot\share\interpreter\linkResolver.cpp, line 759]
Event: 0.238 Thread 0x0000021f8b5614a0 Exception <a 'java/lang/NoSuchMethodError'{0x000000071400db18}: 'java.lang.Object java.lang.invoke.DirectMethodHandle$Holder.newInvokeSpecial(java.lang.Object, java.lang.Object, java.lang.Object, java.lang.Object, java.lang.Object)'> (0x000000071400db18) 
thrown [s\src\hotspot\share\interpreter\linkResolver.cpp, line 759]
Event: 0.240 Thread 0x0000021f8b5614a0 Exception <a 'java/lang/NoSuchMethodError'{0x00000007140194e0}: 'java.lang.Object java.lang.invoke.DirectMethodHandle$Holder.invokeStatic(java.lang.Object, int, java.lang.Object, java.lang.Object, java.lang.Object, java.lang.Object)'> (0x00000007140194e0) 
thrown [s\src\hotspot\share\interpreter\linkResolver.cpp, line 759]
Event: 0.244 Thread 0x0000021f8b5614a0 Exception <a 'java/lang/NoSuchMethodError'{0x000000071403eca0}: 'java.lang.Object java.lang.invoke.DirectMethodHandle$Holder.invokeStatic(java.lang.Object, int, java.lang.Object)'> (0x000000071403eca0) 
thrown [s\src\hotspot\share\interpreter\linkResolver.cpp, line 759]
Event: 0.260 Thread 0x0000021f8b5614a0 Exception <a 'java/lang/ClassNotFoundException'{0x00000007140f6bd0}: com/sun/swing/internal/plaf/metal/resources/spi/metalProvider> (0x00000007140f6bd0) 
thrown [s\src\hotspot\share\classfile\systemDictionary.cpp, line 256]
Event: 0.261 Thread 0x0000021f8b5614a0 Exception <a 'java/lang/ClassNotFoundException'{0x00000007140fb618}: com/sun/swing/internal/plaf/basic/resources/spi/basicProvider> (0x00000007140fb618) 
thrown [s\src\hotspot\share\classfile\systemDictionary.cpp, line 256]
Event: 0.274 Thread 0x0000021f8b5d6880 Exception <a 'java/lang/NoSuchMethodError'{0x000000071415e790}: 'java.lang.Object java.lang.invoke.DirectMethodHandle$Holder.newInvokeSpecial(java.lang.Object, java.lang.Object, java.lang.Object, int, int, int, int, int)'> (0x000000071415e790) 
thrown [s\src\hotspot\share\interpreter\linkResolver.cpp, line 759]
Event: 0.343 Thread 0x0000021f8b5614a0 Exception <a 'java/lang/NoSuchMethodError'{0x000000071413c578}: 'void java.lang.invoke.DirectMethodHandle$Holder.invokeStaticInit(java.lang.Object)'> (0x000000071413c578) 
thrown [s\src\hotspot\share\interpreter\linkResolver.cpp, line 759]
Event: 0.351 Thread 0x0000021f8b5614a0 Exception <a 'java/io/FileNotFoundException'{0x000000071414a010}> (0x000000071414a010) 
thrown [s\src\hotspot\share\prims\jni.cpp, line 516]
Event: 0.388 Thread 0x0000021f8b540060 Exception <a 'java/lang/NoSuchMethodError'{0x00000007142f19f8}: 'void java.lang.invoke.DirectMethodHandle$Holder.invokeVirtual(java.lang.Object, java.lang.Object)'> (0x00000007142f19f8) 
thrown [s\src\hotspot\share\interpreter\linkResolver.cpp, line 759]
Event: 0.602 Thread 0x0000021f8b5614a0 Exception <a 'java/io/FileNotFoundException'{0x0000000713866370}> (0x0000000713866370) 
thrown [s\src\hotspot\share\prims\jni.cpp, line 516]
Event: 0.687 Thread 0x0000021f8b5614a0 Exception <a 'java/io/FileNotFoundException'{0x000000071371da88}> (0x000000071371da88) 
thrown [s\src\hotspot\share\prims\jni.cpp, line 516]
Event: 2.003 Thread 0x0000021f8b5614a0 Exception <a 'java/lang/NoSuchMethodError'{0x000000071366b550}: 'void java.lang.invoke.DirectMethodHandle$Holder.invokeStatic(java.lang.Object, java.lang.Object)'> (0x000000071366b550) 
thrown [s\src\hotspot\share\interpreter\linkResolver.cpp, line 759]
Event: 2.029 Thread 0x0000021f8b86cfb0 Implicit null exception at 0x0000021ff6c9b983 to 0x0000021ff6c9ba00
Event: 2.067 Thread 0x0000021f8b5614a0 Implicit null exception at 0x0000021ff6c9a6f4 to 0x0000021ff6c9a768
Event: 3.218 Thread 0x0000021f8b5614a0 Exception <a 'java/lang/NoSuchMethodError'{0x0000000713361358}: static Ljava/lang/Object;.<clinit>()V> (0x0000000713361358) 
thrown [s\src\hotspot\share\prims\jni.cpp, line 1107]
Event: 3.233 Thread 0x0000021f8b5614a0 Exception <a 'java/lang/NoSuchMethodError'{0x00000007133b1628}: static [I.<clinit>()V> (0x00000007133b1628) 
thrown [s\src\hotspot\share\prims\jni.cpp, line 1107]

VM Operations (20 events):
Event: 0.362 Executing VM operation: HandshakeAllThreads
Event: 0.362 Executing VM operation: HandshakeAllThreads done
Event: 0.420 Executing VM operation: HandshakeAllThreads
Event: 0.420 Executing VM operation: HandshakeAllThreads done
Event: 0.469 Executing VM operation: HandshakeAllThreads
Event: 0.469 Executing VM operation: HandshakeAllThreads done
Event: 0.736 Executing VM operation: G1CollectForAllocation
Event: 0.741 Executing VM operation: G1CollectForAllocation done
Event: 1.741 Executing VM operation: Cleanup
Event: 1.741 Executing VM operation: Cleanup done
Event: 1.897 Executing VM operation: HandshakeAllThreads
Event: 1.897 Executing VM operation: HandshakeAllThreads done
Event: 1.996 Executing VM operation: HandshakeAllThreads
Event: 1.996 Executing VM operation: HandshakeAllThreads done
Event: 2.000 Executing VM operation: HandshakeAllThreads
Event: 2.000 Executing VM operation: HandshakeAllThreads done
Event: 3.011 Executing VM operation: Cleanup
Event: 3.011 Executing VM operation: Cleanup done
Event: 3.308 Executing VM operation: G1CollectForAllocation
Event: 3.315 Executing VM operation: G1CollectForAllocation done

Events (20 events):
Event: 3.230 loading class java/lang/constant/PrimitiveClassDescImpl
Event: 3.230 loading class java/lang/constant/DynamicConstantDesc
Event: 3.230 loading class java/lang/constant/DynamicConstantDesc done
Event: 3.230 loading class java/lang/constant/PrimitiveClassDescImpl done
Event: 3.230 loading class java/lang/constant/DynamicConstantDesc$AnonymousDynamicConstantDesc
Event: 3.230 loading class java/lang/constant/DynamicConstantDesc$AnonymousDynamicConstantDesc done
Event: 3.231 loading class java/io/SerialCallbackContext
Event: 3.231 loading class java/io/SerialCallbackContext done
Event: 3.231 loading class java/awt/image/PixelGrabber
Event: 3.231 loading class java/awt/image/PixelGrabber done
Event: 3.232 loading class java/io/ObjectStreamClass$ExceptionInfo
Event: 3.233 loading class java/io/ObjectStreamClass$ExceptionInfo done
Event: 3.234 loading class java/util/Formatter$FixedString
Event: 3.234 loading class java/util/Formatter$FixedString done
Event: 3.235 loading class sun/awt/SunToolkit$1
Event: 3.235 loading class sun/awt/SunToolkit$1 done
Event: 3.253 loading class java/awt/LightweightDispatcher$2
Event: 3.253 loading class java/awt/LightweightDispatcher$2 done
Event: 3.319 loading class javax/swing/Timer$1
Event: 3.319 loading class javax/swing/Timer$1 done


Dynamic libraries:
0x00007ff706330000 - 0x00007ff70633e000 	C:\Users\lee\Downloads\eclipse-java-2022-09-R-win32-x86_64\eclipse\plugins\org.eclipse.justj.openjdk.hotspot.jre.full.win32.x86_64_17.0.4.v20220903-1038\jre\bin\javaw.exe
0x00007fff04650000 - 0x00007fff04848000 	C:\WINDOWS\SYSTEM32\ntdll.dll
0x00007fff04030000 - 0x00007fff040ef000 	C:\WINDOWS\System32\KERNEL32.DLL
0x00007fff020d0000 - 0x00007fff023a2000 	C:\WINDOWS\System32\KERNELBASE.dll
0x00007fff01d80000 - 0x00007fff01e80000 	C:\WINDOWS\System32\ucrtbase.dll
0x00007ffee5d20000 - 0x00007ffee5d38000 	C:\Users\lee\Downloads\eclipse-java-2022-09-R-win32-x86_64\eclipse\plugins\org.eclipse.justj.openjdk.hotspot.jre.full.win32.x86_64_17.0.4.v20220903-1038\jre\bin\jli.dll
0x00007ffee5d40000 - 0x00007ffee5d59000 	C:\Users\lee\Downloads\eclipse-java-2022-09-R-win32-x86_64\eclipse\plugins\org.eclipse.justj.openjdk.hotspot.jre.full.win32.x86_64_17.0.4.v20220903-1038\jre\bin\VCRUNTIME140.dll
0x00007fff03c50000 - 0x00007fff03ded000 	C:\WINDOWS\System32\USER32.dll
0x00007fff023b0000 - 0x00007fff023d2000 	C:\WINDOWS\System32\win32u.dll
0x00007ffee57a0000 - 0x00007ffee5a3a000 	C:\WINDOWS\WinSxS\amd64_microsoft.windows.common-controls_6595b64144ccf1df_6.0.19041.1110_none_60b5254171f9507e\COMCTL32.dll
0x00007fff041c0000 - 0x00007fff041eb000 	C:\WINDOWS\System32\GDI32.dll
0x00007fff04330000 - 0x00007fff043ce000 	C:\WINDOWS\System32\msvcrt.dll
0x00007fff02590000 - 0x00007fff0269f000 	C:\WINDOWS\System32\gdi32full.dll
0x00007fff01e80000 - 0x00007fff01f1d000 	C:\WINDOWS\System32\msvcp_win.dll
0x00007fff03f10000 - 0x00007fff03f42000 	C:\WINDOWS\System32\IMM32.DLL
0x00007ffef7ec0000 - 0x00007ffef7ecc000 	C:\Users\lee\Downloads\eclipse-java-2022-09-R-win32-x86_64\eclipse\plugins\org.eclipse.justj.openjdk.hotspot.jre.full.win32.x86_64_17.0.4.v20220903-1038\jre\bin\vcruntime140_1.dll
0x00007ffecae40000 - 0x00007ffecaed1000 	C:\Users\lee\Downloads\eclipse-java-2022-09-R-win32-x86_64\eclipse\plugins\org.eclipse.justj.openjdk.hotspot.jre.full.win32.x86_64_17.0.4.v20220903-1038\jre\bin\msvcp140.dll
0x00007ffea7bc0000 - 0x00007ffea8806000 	C:\Users\lee\Downloads\eclipse-java-2022-09-R-win32-x86_64\eclipse\plugins\org.eclipse.justj.openjdk.hotspot.jre.full.win32.x86_64_17.0.4.v20220903-1038\jre\bin\server\jvm.dll
0x00007fff033f0000 - 0x00007fff0349e000 	C:\WINDOWS\System32\ADVAPI32.dll
0x00007fff03350000 - 0x00007fff033ec000 	C:\WINDOWS\System32\sechost.dll
0x00007fff03950000 - 0x00007fff03a75000 	C:\WINDOWS\System32\RPCRT4.dll
0x00007fff02bf0000 - 0x00007fff02bf8000 	C:\WINDOWS\System32\PSAPI.DLL
0x00007ffee16d0000 - 0x00007ffee16d9000 	C:\WINDOWS\SYSTEM32\WSOCK32.dll
0x00007ffefa170000 - 0x00007ffefa197000 	C:\WINDOWS\SYSTEM32\WINMM.dll
0x00007ffef8f50000 - 0x00007ffef8f5a000 	C:\WINDOWS\SYSTEM32\VERSION.dll
0x00007fff03f50000 - 0x00007fff03fbb000 	C:\WINDOWS\System32\WS2_32.dll
0x00007fff005a0000 - 0x00007fff005b2000 	C:\WINDOWS\SYSTEM32\kernel.appcore.dll
0x00007ffefabd0000 - 0x00007ffefabda000 	C:\Users\lee\Downloads\eclipse-java-2022-09-R-win32-x86_64\eclipse\plugins\org.eclipse.justj.openjdk.hotspot.jre.full.win32.x86_64_17.0.4.v20220903-1038\jre\bin\jimage.dll
0x00007ffeff970000 - 0x00007ffeffb54000 	C:\WINDOWS\SYSTEM32\DBGHELP.DLL
0x00007ffefa140000 - 0x00007ffefa16c000 	C:\WINDOWS\SYSTEM32\dbgcore.DLL
0x00007fff01fd0000 - 0x00007fff02052000 	C:\WINDOWS\System32\bcryptPrimitives.dll
0x00007ffeda0a0000 - 0x00007ffeda0c5000 	C:\Users\lee\Downloads\eclipse-java-2022-09-R-win32-x86_64\eclipse\plugins\org.eclipse.justj.openjdk.hotspot.jre.full.win32.x86_64_17.0.4.v20220903-1038\jre\bin\java.dll
0x00007ffee5cf0000 - 0x00007ffee5d08000 	C:\Users\lee\Downloads\eclipse-java-2022-09-R-win32-x86_64\eclipse\plugins\org.eclipse.justj.openjdk.hotspot.jre.full.win32.x86_64_17.0.4.v20220903-1038\jre\bin\zip.dll
0x00007fff02c00000 - 0x00007fff03343000 	C:\WINDOWS\System32\SHELL32.dll
0x00007ffeffdf0000 - 0x00007fff00582000 	C:\WINDOWS\SYSTEM32\windows.storage.dll
0x00007fff035f0000 - 0x00007fff03944000 	C:\WINDOWS\System32\combase.dll
0x00007fff017b0000 - 0x00007fff017e0000 	C:\WINDOWS\SYSTEM32\Wldp.dll
0x00007fff03e60000 - 0x00007fff03f0d000 	C:\WINDOWS\System32\SHCORE.dll
0x00007fff03df0000 - 0x00007fff03e45000 	C:\WINDOWS\System32\shlwapi.dll
0x00007fff01c90000 - 0x00007fff01caf000 	C:\WINDOWS\SYSTEM32\profapi.dll
0x00007ffec98a0000 - 0x00007ffec9a2e000 	C:\Users\lee\Downloads\eclipse-java-2022-09-R-win32-x86_64\eclipse\plugins\org.eclipse.justj.openjdk.hotspot.jre.full.win32.x86_64_17.0.4.v20220903-1038\jre\bin\awt.dll
0x00007fff040f0000 - 0x00007fff041bd000 	C:\WINDOWS\System32\OLEAUT32.dll
0x00007ffefef80000 - 0x00007ffeff011000 	C:\WINDOWS\SYSTEM32\apphelp.dll
0x00007ffeff130000 - 0x00007ffeff1ce000 	C:\WINDOWS\system32\uxtheme.dll
0x00007fff03a80000 - 0x00007fff03b95000 	C:\WINDOWS\System32\MSCTF.dll
0x00007fff034a0000 - 0x00007fff035ca000 	C:\WINDOWS\System32\ole32.dll
0x00007ffeff260000 - 0x00007ffeff28f000 	C:\WINDOWS\system32\DWMAPI.DLL
0x00007ffece8d0000 - 0x00007ffece9f5000 	C:\WINDOWS\system32\opengl32.dll
0x00007ffed0310000 - 0x00007ffed033c000 	C:\WINDOWS\SYSTEM32\GLU32.dll
0x00007ffecb550000 - 0x00007ffecb57d000 	C:\Users\lee\Downloads\eclipse-java-2022-09-R-win32-x86_64\eclipse\plugins\org.eclipse.justj.openjdk.hotspot.jre.full.win32.x86_64_17.0.4.v20220903-1038\jre\bin\javajpeg.dll
0x00007ffecadb0000 - 0x00007ffecae36000 	C:\Users\lee\Downloads\eclipse-java-2022-09-R-win32-x86_64\eclipse\plugins\org.eclipse.justj.openjdk.hotspot.jre.full.win32.x86_64_17.0.4.v20220903-1038\jre\bin\freetype.dll
0x00007ffeca660000 - 0x00007ffeca708000 	C:\Users\lee\Downloads\eclipse-java-2022-09-R-win32-x86_64\eclipse\plugins\org.eclipse.justj.openjdk.hotspot.jre.full.win32.x86_64_17.0.4.v20220903-1038\jre\bin\fontmanager.dll
0x00007ffed4ae0000 - 0x00007ffed4bd9000 	C:\WINDOWS\SYSTEM32\textinputframework.dll
0x00007ffefc000000 - 0x00007ffefc35e000 	C:\WINDOWS\System32\CoreUIComponents.dll
0x00007ffefc770000 - 0x00007ffefc862000 	C:\WINDOWS\System32\CoreMessaging.dll
0x00007fff00ee0000 - 0x00007fff00f13000 	C:\WINDOWS\SYSTEM32\ntmarta.dll
0x00007ffefad90000 - 0x00007ffefaee4000 	C:\WINDOWS\SYSTEM32\wintypes.dll
0x00007ffee5ca0000 - 0x00007ffee5cb9000 	C:\Users\lee\Downloads\eclipse-java-2022-09-R-win32-x86_64\eclipse\plugins\org.eclipse.justj.openjdk.hotspot.jre.full.win32.x86_64_17.0.4.v20220903-1038\jre\bin\net.dll
0x00007ffefa810000 - 0x00007ffefa91c000 	C:\WINDOWS\SYSTEM32\WINHTTP.dll
0x00007fff01510000 - 0x00007fff0157a000 	C:\WINDOWS\system32\mswsock.dll
0x00007ffeda030000 - 0x00007ffeda045000 	C:\Users\lee\Downloads\eclipse-java-2022-09-R-win32-x86_64\eclipse\plugins\org.eclipse.justj.openjdk.hotspot.jre.full.win32.x86_64_17.0.4.v20220903-1038\jre\bin\nio.dll
0x00007fff03ba0000 - 0x00007fff03c4f000 	C:\WINDOWS\System32\clbcatq.dll
0x00007ffef97c0000 - 0x00007ffef9974000 	C:\WINDOWS\SYSTEM32\WindowsCodecs.dll
0x00007fff01d50000 - 0x00007fff01d77000 	C:\WINDOWS\System32\bcrypt.dll
0x00007ffeb8320000 - 0x00007ffeb835e000 	C:\WINDOWS\system32\dataexchange.dll
0x00007ffefbd30000 - 0x00007ffefbf13000 	C:\WINDOWS\system32\dcomp.dll
0x00007ffefb940000 - 0x00007ffefbba3000 	C:\WINDOWS\system32\d3d11.dll
0x00007fff00610000 - 0x00007fff00703000 	C:\WINDOWS\system32\dxgi.dll
0x00007ffef9510000 - 0x00007ffef9710000 	C:\WINDOWS\system32\twinapi.appcore.dll
0x00007ffea9040000 - 0x00007ffea9111000 	C:\Windows\System32\IME\IMEKR\imkrtip.dll
0x00007ffefa6f0000 - 0x00007ffefa7e6000 	C:\WINDOWS\SYSTEM32\PROPSYS.dll
0x00007ffea8ef0000 - 0x00007ffea9032000 	C:\Windows\System32\IME\shared\imetip.dll
0x00007ffed1120000 - 0x00007ffed1186000 	C:\WINDOWS\SYSTEM32\OLEACC.dll
0x00007ffea8d40000 - 0x00007ffea8eee000 	C:\WINDOWS\SYSTEM32\DUI70.dll
0x00007ffea8cf0000 - 0x00007ffea8d31000 	C:\Windows\System32\IME\IMEKR\imkrapi.dll
0x00007ffef84b0000 - 0x00007ffef8550000 	C:\WINDOWS\SYSTEM32\policymanager.dll
0x00007fff00e50000 - 0x00007fff00eda000 	C:\WINDOWS\SYSTEM32\msvcp110_win.dll
0x00007ffea8cb0000 - 0x00007ffea8cee000 	C:\Windows\System32\IME\shared\imjkapi.dll

dbghelp: loaded successfully - version: 4.0.5 - missing functions: none
symbol engine: initialized successfully - sym options: 0x614 - pdb path: .;C:\Users\lee\Downloads\eclipse-java-2022-09-R-win32-x86_64\eclipse\plugins\org.eclipse.justj.openjdk.hotspot.jre.full.win32.x86_64_17.0.4.v20220903-1038\jre\bin;C:\WINDOWS\SYSTEM32;C:\WINDOWS\WinSxS\amd64_microsoft.windows.common-controls_6595b64144ccf1df_6.0.19041.1110_none_60b5254171f9507e;C:\Users\lee\Downloads\eclipse-java-2022-09-R-win32-x86_64\eclipse\plugins\org.eclipse.justj.openjdk.hotspot.jre.full.win32.x86_64_17.0.4.v20220903-1038\jre\bin\server;C:\Windows\System32\IME\IMEKR;C:\Windows\System32\IME\shared

VM Arguments:
jvm_args: -Dfile.encoding=UTF-8 -XX:+ShowCodeDetailsInExceptionMessages 
java_command: CatchMindClientMain
java_class_path (initial): C:\git\termproject_catchmind\CatchMindClient\bin
Launcher Type: SUN_STANDARD

[Global flags]
     intx CICompilerCount                          = 4                                         {product} {ergonomic}
     uint ConcGCThreads                            = 2                                         {product} {ergonomic}
     uint G1ConcRefinementThreads                  = 8                                         {product} {ergonomic}
   size_t G1HeapRegionSize                         = 2097152                                   {product} {ergonomic}
    uintx GCDrainStackTargetSize                   = 64                                        {product} {ergonomic}
   size_t InitialHeapSize                          = 264241152                                 {product} {ergonomic}
   size_t MarkStackSize                            = 4194304                                   {product} {ergonomic}
   size_t MaxHeapSize                              = 4217372672                                {product} {ergonomic}
   size_t MaxNewSize                               = 2529165312                                {product} {ergonomic}
   size_t MinHeapDeltaBytes                        = 2097152                                   {product} {ergonomic}
   size_t MinHeapSize                              = 8388608                                   {product} {ergonomic}
    uintx NonNMethodCodeHeapSize                   = 5839372                                {pd product} {ergonomic}
    uintx NonProfiledCodeHeapSize                  = 122909434                              {pd product} {ergonomic}
    uintx ProfiledCodeHeapSize                     = 122909434                              {pd product} {ergonomic}
    uintx ReservedCodeCacheSize                    = 251658240                              {pd product} {ergonomic}
     bool SegmentedCodeCache                       = true                                      {product} {ergonomic}
     bool ShowCodeDetailsInExceptionMessages       = true                                   {manageable} {command line}
   size_t SoftMaxHeapSize                          = 4217372672                             {manageable} {ergonomic}
     bool UseCompressedClassPointers               = true                           {product lp64_product} {ergonomic}
     bool UseCompressedOops                        = true                           {product lp64_product} {ergonomic}
     bool UseG1GC                                  = true                                      {product} {ergonomic}
     bool UseLargePagesIndividualAllocation        = false                                  {pd product} {ergonomic}

Logging:
Log output configuration:
 #0: stdout all=warning uptime,level,tags
 #1: stderr all=off uptime,level,tags

Environment Variables:
PATH=C:/Users/lee/Downloads/eclipse-java-2022-09-R-win32-x86_64/eclipse//plugins/org.eclipse.justj.openjdk.hotspot.jre.full.win32.x86_64_17.0.4.v20220903-1038/jre/bin/server;C:/Users/lee/Downloads/eclipse-java-2022-09-R-win32-x86_64/eclipse//plugins/org.eclipse.justj.openjdk.hotspot.jre.full.win32.x86_64_17.0.4.v20220903-1038/jre/bin;C:\Program Files (x86)\VMware\VMware Player\bin\;C:\Program Files\Microsoft\jdk-11.0.12.7-hotspot\bin;C:\app\lee\product\21c\dbhomeXE\bin;C:\Program Files (x86)\Common Files\Oracle\Java\javapath;C:\WINDOWS\system32;C:\WINDOWS;C:\WINDOWS\System32\Wbem;C:\WINDOWS\System32\WindowsPowerShell\v1.0\;C:\WINDOWS\System32\OpenSSH\;C:\Program Files\PuTTY\;C:\Program Files\Microsoft SQL Server\150\Tools\Binn\;C:\Program Files\Microsoft SQL Server\Client SDK\ODBC\170\Tools\Binn\;C:\Program Files\dotnet\;C:\Program Files\Git\cmd;C:\Program Files\MySQL\MySQL Shell 8.0\bin\;C:\Users\lee\anaconda3;C:\Users\lee\anaconda3\Library\mingw-w64\bin;C:\Users\lee\anaconda3\Library\usr\bin;C:\Users\lee\anaconda3\Library\bin;C:\Users\lee\anaconda3\Scripts;C:\Users\lee\AppData\Local\Microsoft\WindowsApps;C:\Program Files\JetBrains\IntelliJ IDEA Community Edition 2022.2.1\bin;;C:\Users\lee\.dotnet\tools;C:\Users\lee\Downloads\eclipse-java-2022-09-R-win32-x86_64\eclipse;
USERNAME=lee
OS=Windows_NT
PROCESSOR_IDENTIFIER=Intel64 Family 6 Model 140 Stepping 1, GenuineIntel
TMP=C:\Users\lee\AppData\Local\Temp
TEMP=C:\Users\lee\AppData\Local\Temp



---------------  S Y S T E M  ---------------

OS:
 Windows 10 , 64 bit Build 19041 (10.0.19041.2251)
OS uptime: 0 days 18:01 hours

CPU: total 8 (initial active 8) (4 cores per cpu, 2 threads per core) family 6 model 140 stepping 1 microcode 0x86, cx8, cmov, fxsr, ht, mmx, 3dnowpref, sse, sse2, sse3, ssse3, sse4.1, sse4.2, popcnt, lzcnt, tsc, tscinvbit, avx, avx2, aes, erms, clmul, bmi1, bmi2, adx, avx512f, avx512dq, avx512cd, avx512bw, avx512vl, sha, fma, vzeroupper, avx512_vpopcntdq, avx512_vpclmulqdq, avx512_vaes, avx512_vnni, clflush, clflushopt, clwb, avx512_vbmi2, avx512_vbmi

Memory: 4k page, system-wide physical 16082M (1965M free)
TotalPageFile size 65234M (AvailPageFile size 5M)
current process WorkingSet (physical memory assigned to process): 140M, peak: 140M
current process commit charge ("private bytes"): 376M, peak: 377M

vm_info: OpenJDK 64-Bit Server VM (17.0.4.1+1) for windows-amd64 JRE (17.0.4.1+1), built on Aug 17 2022 07:42:43 by "temurin" with MS VC++ 16.7 (VS2019)

END.
